<?xml version="1.0" encoding="utf-8"?><testsuites name="pytest tests"><testsuite name="pytest" errors="0" failures="0" skipped="0" tests="15" time="2.063" timestamp="2026-06-10T02:47:35.699598+00:00" hostname="agent-env-e25119c8-d122-4dd0-a854-fa9da3e14f20"><testcase classname="backend.tests.test_api" name="test_root" time="0.234" /><testcase classname="backend.tests.test_api" name="test_matches_count_and_fields" time="0.058" /><testcase classname="backend.tests.test_api" name="test_register_new_and_upsert" time="0.103" /><testcase classname="backend.tests.test_api" name="test_register_invalid_email" time="0.051" /><testcase classname="backend.tests.test_api" name="test_get_me" time="0.099" /><testcase classname="backend.tests.test_api" name="test_predictions_save_and_persist" time="0.356" /><testcase classname="backend.tests.test_api" name="test_public_stats" time="0.047" /><testcase classname="backend.tests.test_api" name="test_admin_login_correct" time="0.071" /><testcase classname="backend.tests.test_api" name="test_admin_login_wrong" time="0.047" /><testcase classname="backend.tests.test_api" name="test_admin_leaderboard_no_token" time="0.050" /><testcase classname="backend.tests.test_api" name="test_admin_leaderboard_with_token" time="0.095" /><testcase classname="backend.tests.test_api" name="test_admin_set_result_and_scoring" time="0.271" /><testcase classname="backend.tests.test_api" name="test_admin_set_result_correct_winner_only" time="0.141" /><testcase classname="backend.tests.test_api" name="test_admin_lock_blocks_predictions" time="0.139" /><testcase classname="backend.tests.test_api" name="test_zz_cleanup" time="0.139" /></testsuite></testsuites>